[2016.02.11-19.53.15:032][  0]Log file open, 02/11/16 14:53:15
[2016.02.11-19.53.15:032][  0]LogInit:Display: Running engine for game: BlueprintMan
[2016.02.11-19.53.15:032][  0]LogPlatformFile: Not using cached read wrapper
[2016.02.11-19.53.15:032][  0]LogInit:Display: RandInit(497443605) SRandInit(497443607).
[2016.02.11-19.53.15:032][  0]LogTaskGraph: Started task graph with 4 named threads and 5 total threads.
[2016.02.11-19.53.15:032][  0]LogStats: Stats thread started at 0.068818
[2016.02.11-19.53.15:032][  0]LogInit: Version: 4.10.2-2818068+++depot+UE4-Releases+4.10
[2016.02.11-19.53.15:032][  0]LogInit: API Version: 2758231
[2016.02.11-19.53.15:032][  0]LogInit: Compiled (64-bit): Jan  6 2016 17:36:42
[2016.02.11-19.53.15:032][  0]LogInit: Compiled with Visual C++: 19.00.23026.00
[2016.02.11-19.53.15:032][  0]LogInit: Build Configuration: Development
[2016.02.11-19.53.15:032][  0]LogInit: Branch Name: ++depot+UE4-Releases+4.10
[2016.02.11-19.53.15:032][  0]LogInit: Command line: 
[2016.02.11-19.53.15:032][  0]LogInit: Base directory: C:/Program Files (x86)/Epic Games/4.10/Engine/Binaries/Win64/
[2016.02.11-19.53.15:032][  0]LogInit: Rocket: 1
[2016.02.11-19.53.15:040][  0]LogInit: Using libcurl 7.41.0
[2016.02.11-19.53.15:040][  0]LogInit:  - built for x86_64-pc-win32
[2016.02.11-19.53.15:040][  0]LogInit:  - supports SSL with WinSSL
[2016.02.11-19.53.15:040][  0]LogInit:  - other features:
[2016.02.11-19.53.15:040][  0]LogInit:      CURL_VERSION_SSL
[2016.02.11-19.53.15:040][  0]LogInit:      CURL_VERSION_IPV6
[2016.02.11-19.53.15:040][  0]LogInit:      CURL_VERSION_ASYNCHDNS
[2016.02.11-19.53.15:040][  0]LogInit:      CURL_VERSION_LARGEFILE
[2016.02.11-19.53.15:040][  0]LogInit:      CURL_VERSION_IDN
[2016.02.11-19.53.15:040][  0]LogInit:  CurlRequestOptions (configurable via config and command line):
[2016.02.11-19.53.15:040][  0]LogInit:  - bVerifyPeer = true  - Libcurl will verify peer certificate
[2016.02.11-19.53.15:040][  0]LogInit:  - bUseHttpProxy = false  - Libcurl will NOT use HTTP proxy
[2016.02.11-19.53.15:040][  0]LogInit:  - bDontReuseConnections = false  - Libcurl will reuse connections
[2016.02.11-19.53.15:040][  0]LogInit:  - CertBundlePath = nullptr  - Libcurl will use whatever was configured at build time.
[2016.02.11-19.53.15:050][  0]LogInit: Presizing for 0 objects not considered by GC, pre-allocating 0 bytes.
[2016.02.11-19.53.15:059][  0]LogInit: Object subsystem initialized
[2016.02.11-19.53.15:063][  0]LogInit: Selected Device Profile: [Windows]
[2016.02.11-19.53.15:063][  0]LogInit: Applying CVar settings loaded from the selected device profile: [Windows]
[2016.02.11-19.53.15:071][  0]LogInit: Computer: PARKJOONDELLXPS
[2016.02.11-19.53.15:071][  0]LogInit: User: parkjoon
[2016.02.11-19.53.15:071][  0]LogInit: CPU Page size=4096, Cores=2
[2016.02.11-19.53.15:071][  0]LogInit: High frequency timer resolution =2.923115 MHz
[2016.02.11-19.53.15:071][  0]LogMemory: Memory total: Physical=7.9GB (8GB approx)
[2016.02.11-19.53.15:071][  0]LogMemory: Platform Memory Stats for Windows
[2016.02.11-19.53.15:071][  0]LogMemory: Process Physical Memory: 56.18 MB used, 56.18 MB peak
[2016.02.11-19.53.15:071][  0]LogMemory: Process Virtual Memory: 57.14 MB used, 57.14 MB peak
[2016.02.11-19.53.15:071][  0]LogMemory: Physical Memory: 3126.18 MB used, 8074.31 MB total
[2016.02.11-19.53.15:071][  0]LogMemory: Virtual Memory: 349.92 MB used, 8388608.00 MB total
[2016.02.11-19.53.15:107][  0]LogTextLocalizationManager: No specific translations for ('en-US') exist, so ('en') translations will be used.
[2016.02.11-19.53.15:961][  0]LogD3D11RHI: Found D3D11 adapter 0: NVIDIA GeForce GT 640M (Feature Level 11_0)
[2016.02.11-19.53.15:961][  0]LogD3D11RHI: Adapter has 1989MB of dedicated video memory, 0MB of dedicated system memory, and 2048MB of shared system memory, 1 output[s]
[2016.02.11-19.53.15:979][  0]LogD3D11RHI: Found D3D11 adapter 1: NVIDIA GeForce GT 640M (Feature Level 11_0)
[2016.02.11-19.53.15:979][  0]LogD3D11RHI: Adapter has 1989MB of dedicated video memory, 0MB of dedicated system memory, and 2048MB of shared system memory, 0 output[s]
[2016.02.11-19.53.15:979][  0]LogD3D11RHI: Chosen D3D11 Adapter Id = 0
[2016.02.11-19.53.15:991][  0]LogD3D11RHI: !Direct3DDevice
[2016.02.11-19.53.15:991][  0]LogRHI: Texture pool is 1361 MB (70% of 1945 MB)
[2016.02.11-19.53.16:020][  0]LogD3D11RHI: Async texture creation enabled
[2016.02.11-19.53.16:032][  0]LogShaderCompilers: Guid format shader working directory is -3 characters bigger than the processId version (../../../../../../Users/parkjoon/Desktop/BlueprintMan/Intermediate/Shaders/WorkingDirectory/836/).
[2016.02.11-19.53.16:032][  0]LogShaderCompilers: Cleaned the shader compiler working directory 'C:/Users/parkjoon/AppData/Local/Temp/UnrealShaderWorkingDir/588D6B074F701C0C1A54DFADF8B4FABB/'.
[2016.02.11-19.53.16:032][  0]LogShaderCompilers:Display: Using Local Shader Compiler.
[2016.02.11-19.53.17:675][  0]LogTemp:Display: Loaded TP AllDesktopTargetPlatform
[2016.02.11-19.53.17:682][  0]LogTemp:Display: Loaded TP WindowsClientTargetPlatform
[2016.02.11-19.53.17:689][  0]LogTemp:Display: Loaded TP WindowsNoEditorTargetPlatform
[2016.02.11-19.53.17:697][  0]LogTemp:Display: Loaded TP WindowsServerTargetPlatform
[2016.02.11-19.53.17:704][  0]LogTemp:Display: Loaded TP WindowsTargetPlatform
[2016.02.11-19.53.17:709][  0]LogTemp:Display: Loaded TP AndroidTargetPlatform
[2016.02.11-19.53.17:714][  0]LogTemp:Display: Loaded TP Android_ASTCTargetPlatform
[2016.02.11-19.53.17:719][  0]LogTemp:Display: Loaded TP Android_ATCTargetPlatform
[2016.02.11-19.53.17:724][  0]LogTemp:Display: Loaded TP Android_DXTTargetPlatform
[2016.02.11-19.53.17:729][  0]LogTemp:Display: Loaded TP Android_ETC1TargetPlatform
[2016.02.11-19.53.17:734][  0]LogTemp:Display: Loaded TP Android_ETC2TargetPlatform
[2016.02.11-19.53.17:745][  0]LogTemp:Display: Loaded TP Android_MultiTargetPlatform
[2016.02.11-19.53.17:745][  0]LogTemp:Display: Loaded TP Android_PVRTCTargetPlatform
[2016.02.11-19.53.17:746][  0]LogTemp:Display: Loaded TP HTML5TargetPlatform
[2016.02.11-19.53.17:764][  0]LogTemp:Display: Loaded TP IOSTargetPlatform
[2016.02.11-19.53.17:768][  0]LogTemp:Display: Loaded TP LinuxNoEditorTargetPlatform
[2016.02.11-19.53.17:772][  0]LogTemp:Display: Loaded TP LinuxServerTargetPlatform
[2016.02.11-19.53.17:777][  0]LogTemp:Display: Loaded TP LinuxTargetPlatform
[2016.02.11-19.53.17:777][  0]LogTargetPlatformManager:Display: Building Assets For Windows
[2016.02.11-19.53.17:892][  0]LogDerivedDataCache:Display: Max Cache Size: 512 MB
[2016.02.11-19.53.17:939][  0]LogDerivedDataCache: Loaded boot cache 0.05s 41MB C:/Users/parkjoon/AppData/Local/UnrealEngine/4.10/DerivedDataCache/Boot.ddc.
[2016.02.11-19.53.17:939][  0]LogDerivedDataCache:Display: Loaded Boot cache: C:/Users/parkjoon/AppData/Local/UnrealEngine/4.10/DerivedDataCache/Boot.ddc
[2016.02.11-19.53.17:939][  0]LogDerivedDataCache: FDerivedDataBackendGraph:  Pak pak cache file ../../../../../../Users/parkjoon/Desktop/BlueprintMan/DerivedDataCache/DDC.ddp not found, will not use a pak cache.
[2016.02.11-19.53.17:939][  0]LogDerivedDataCache: Unable to find inner node Pak for hierarchical cache Hierarchy.
[2016.02.11-19.53.17:939][  0]LogDerivedDataCache: FDerivedDataBackendGraph:  CompressedPak pak cache file ../../../../../../Users/parkjoon/Desktop/BlueprintMan/DerivedDataCache/Compressed.ddp not found, will not use a pak cache.
[2016.02.11-19.53.17:939][  0]LogDerivedDataCache: Unable to find inner node CompressedPak for hierarchical cache Hierarchy.
[2016.02.11-19.53.18:040][  0]LogDerivedDataCache:Display: Pak cache opened for reading ../../../Engine/DerivedDataCache/Compressed.ddp.
[2016.02.11-19.53.18:051][  0]LogDerivedDataCache: Using Local data cache path C:/Users/parkjoon/AppData/Local/UnrealEngine/Common/DerivedDataCache: Writable
[2016.02.11-19.53.18:307][  0]LogInit: Selected Device Profile: [Windows]
[2016.02.11-19.53.18:308][  0]LogContentStreaming: Texture pool size is 0.000000MB
[2016.02.11-19.53.18:360][  0]LogMeshUtilities: No automatic mesh reduction module available
[2016.02.11-19.53.18:360][  0]LogMeshUtilities: No automatic mesh merging module available
[2016.02.11-19.53.18:815][  0]LogInit: WinSock: version 1.1 (2.2), MaxSocks=32767, MaxUdp=65467
[2016.02.11-19.53.19:848][  0]UdpMessaging: Initializing bridge on interface 0.0.0.0:0 to multicast group 230.0.0.1:6666.
[2016.02.11-19.53.19:957][  0]LogAssetRegistry: FAssetRegistry took 0.0107 seconds to start up
[2016.02.11-19.53.20:487][  0]SourceControl: Info Source control is disabled
[2016.02.11-19.53.20:528][  0]SourceControl: Info Source control is disabled
[2016.02.11-19.53.20:542][  0]SourceControl: Info Source control is disabled
[2016.02.11-19.53.20:555][  0]SourceControl: Info Source control is disabled
[2016.02.11-19.53.20:871][  0]LogObj: 28633 objects as part of root set at end of initial load.
[2016.02.11-19.53.20:871][  0]LogUObjectAllocator: 6099752 out of 0 bytes used by permanent object pool.
[2016.02.11-19.53.20:950][  0]LogEngine: Initializing Engine...
[2016.02.11-19.53.20:953][  0]LogHMD: Can't find Oculus library dev build: is proper Runtime installed? Version: 0.8.0.0
[2016.02.11-19.53.20:954][  0]LogHMD: SteamVR failed to initialize.  Err: 110
[2016.02.11-19.53.21:148][  0]LogAIModule: Creating AISystem for world NewWorld
[2016.02.11-19.53.21:154][  0]LogInit: XAudio2 using 'Speakers (High Definition Audio Device)' : 2 channels at 44.1 kHz using 16 bits per sample (channel mask 0x3)
[2016.02.11-19.53.21:179][  0]LogInit: FAudioDevice initialized.
[2016.02.11-19.53.21:201][  0]LogDerivedDataCache: Saved boot cache 0.02s 41MB C:/Users/parkjoon/AppData/Local/UnrealEngine/4.10/DerivedDataCache/Boot.ddc.
[2016.02.11-19.53.21:203][  0]LogInit: Texture streaming: Enabled
[2016.02.11-19.53.21:211][  0]LogAnalytics: Creating configured Analytics provider AnalyticsET
[2016.02.11-19.53.21:211][  0]LogAnalytics: [UEEditor.Rocket.Release] APIServer = http://et2.epicgames.com/ET2/. AppVersion = 4.10.2-2818068+++depot+UE4-Releases+4.10
[2016.02.11-19.53.21:211][  0]LogAnalytics: [UEEditor.Rocket.Release] SetUserId 0f4e049a40829e1236cc41b8717e3fbf|4c67dbc89f4f4d2493ede7cc79fea884|f1214182-4b5a-4306-a4ef-16fdad2b7c7c
[2016.02.11-19.53.21:211][  0]LogAnalytics: [UEEditor.Rocket.Release] AnalyticsET::StartSession
[2016.02.11-19.53.21:221][  0]LogInit: Transaction tracking system initialized
[2016.02.11-19.53.21:261][  0]BlueprintLog: New page: Editor Load
[2016.02.11-19.53.21:362][  0]LogInit:Warning: CVar named 'r.MobileHDR' marked up in RendererSettings was not found or is set to read-only
[2016.02.11-19.53.21:989][  0]LocalizationService: Info Localization service is disabled
[2016.02.11-19.53.22:196][  0]LogConsoleResponse:Display: 
[2016.02.11-19.53.22:377][  0]LogFileCache: Scanning file cache for directory 'C:/Users/parkjoon/Desktop/BlueprintMan/Content/' took 0.04s
[2016.02.11-19.53.22:377][  0]LogCook:Display: Done creating registry. It took  0.00s.
[2016.02.11-19.53.22:567][  0]SourceControl: Info Source control is disabled
[2016.02.11-19.53.22:567][  0]Cmd: MAP LOAD FILE="../../../../../../Users/parkjoon/Desktop/BlueprintMan/Content/2DSideScrollerBP/Maps/2DSideScrollerExampleMap.umap" TEMPLATE=0 SHOWPROGRESS=1 FEATURELEVEL=3
[2016.02.11-19.53.22:568][  0]LightingResults: New page: Lighting Build
[2016.02.11-19.53.22:573][  0]MapCheck: New page: Map Check
[2016.02.11-19.53.22:573][  0]LightingResults: New page: Lighting Build
[2016.02.11-19.53.22:602][  0]LogParticles: Destroying 0 GPU particle simulations for FXSystem 0x00000000243AA160
[2016.02.11-19.53.23:093][  0]LogAIModule: Creating AISystem for world 2DSideScrollerExampleMap
[2016.02.11-19.53.23:108][  0]LogEditorServer: Finished looking for orphan Actors (0.000 secs)
[2016.02.11-19.53.23:110][  0]Cmd: MAP CHECKDEP NOCLEARLOG
[2016.02.11-19.53.23:162][  0]MapCheck: Info Map check complete: 0 Error(s), 0 Warning(s), took 52.139ms to complete.
[2016.02.11-19.53.23:162][  0]LogFileHelpers: Loading map '2DSideScrollerExampleMap' took 0.595
[2016.02.11-19.53.23:467][  0]LogCollectionManager: Loaded 0 collections in 0.002887 seconds
[2016.02.11-19.53.23:701][  0]LogFileCache: Scanning file cache for directory 'C:/Users/parkjoon/Desktop/BlueprintMan/Saved/Collections/' took 0.01s
[2016.02.11-19.53.23:702][  0]LogFileCache: Scanning file cache for directory 'C:/Users/parkjoon/Desktop/BlueprintMan/Content/Developers/parkjoon/Collections/' took 0.01s
[2016.02.11-19.53.23:702][  0]LogFileCache: Scanning file cache for directory 'C:/Users/parkjoon/Desktop/BlueprintMan/Content/Collections/' took 0.01s
[2016.02.11-19.53.23:702][  0]LogCollectionManager: Rebuilt the GUID cache for 0 collections in 0.000002 seconds
[2016.02.11-19.53.23:721][  0]LogContentBrowser: Native class hierarchy populated in 0.0179 seconds. Added 1893 classes and 338 folders.
[2016.02.11-19.53.23:740][  0]LogContentBrowser: Native class hierarchy updated for 'WidgetCarousel' in 0.0008 seconds. Added 0 classes and 0 folders.
[2016.02.11-19.53.23:799][  0]LogContentBrowser: Native class hierarchy updated for 'AddContentDialog' in 0.0005 seconds. Added 0 classes and 0 folders.
[2016.02.11-19.53.23:816][  0]LogContentBrowser: Native class hierarchy updated for 'SceneOutliner' in 0.0005 seconds. Added 1 classes and 2 folders.
[2016.02.11-19.53.23:891][  0]LogCrashTracker: Crashtracker disabled due to settings.
[2016.02.11-19.53.24:024][  0]LogLoad: Full Startup: 9.44 seconds (BP compile: 0.09 seconds)
[2016.02.11-19.53.24:045][  0]LogOcInput: Can't find Oculus library dev build: is proper Runtime installed? Version: 0.8.0.0
[2016.02.11-19.53.24:383][  0]LogContentStreaming: Texture pool size now 1000 MB
[2016.02.11-19.53.24:698][  0]LogRenderer: Reallocating scene render targets to support 1208x572 (Frame:2).
[2016.02.11-19.53.29:084][ 10]LogAssetRegistry: Asset discovery search completed in 9.1400 seconds
[2016.02.11-19.53.29:084][ 10]LogCollectionManager: Rebuilt the object cache for 0 collections in 0.000001 seconds (found 0 objects)
[2016.02.11-19.53.29:084][ 10]LogCollectionManager: Fixed up redirectors for 0 collections in 0.000029 seconds (updated 0 objects)
[2016.02.11-19.55.04:519][243]LogBlueprintUserMessages: Early PlayInEditor Detection: Level '/Game/2DSideScrollerBP/Maps/2DSideScrollerExampleMap.2DSideScrollerExampleMap:PersistentLevel' has LevelScriptBlueprint '/Game/2DSideScrollerBP/Maps/2DSideScrollerExampleMap.2DSideScrollerExampleMap:PersistentLevel.2DSideScrollerExampleMap' with GeneratedClass '/Game/2DSideScrollerBP/Maps/2DSideScrollerExampleMap.2DSideScrollerExampleMap_C' with ClassGeneratedBy '/Game/2DSideScrollerBP/Maps/2DSideScrollerExampleMap.2DSideScrollerExampleMap:PersistentLevel.2DSideScrollerExampleMap'
[2016.02.11-19.55.04:519][243]LogPlayLevel: PlayLevel: No blueprints needed recompiling
[2016.02.11-19.55.04:520][243]PIE: New page: PIE session: 2DSideScrollerExampleMap (Feb 11, 2016, 9:55:04 AM)
[2016.02.11-19.55.04:520][243]LogPlayLevel: Creating play world package: /Game/2DSideScrollerBP/Maps/UEDPIE_0_2DSideScrollerExampleMap
[2016.02.11-19.55.04:522][243]LogPlayLevel: PIE: StaticDuplicateObject took: (0.002318s)
[2016.02.11-19.55.04:524][243]LogAIModule: Creating AISystem for world 2DSideScrollerExampleMap
[2016.02.11-19.55.04:524][243]LogPlayLevel: PIE: World Init took: (0.001277s)
[2016.02.11-19.55.04:524][243]LogPlayLevel: PIE: Created PIE world by copying editor world from /Game/2DSideScrollerBP/Maps/2DSideScrollerExampleMap.2DSideScrollerExampleMap to /Game/2DSideScrollerBP/Maps/UEDPIE_0_2DSideScrollerExampleMap.2DSideScrollerExampleMap (0.003829s)
[2016.02.11-19.55.04:558][243]LogInit: XAudio2 using 'Speakers (High Definition Audio Device)' : 2 channels at 44.1 kHz using 16 bits per sample (channel mask 0x3)
[2016.02.11-19.55.04:565][243]LogInit: FAudioDevice initialized.
[2016.02.11-19.55.04:623][243]LogWorld: Game class is '2DSideScrollerGameMode_C'
[2016.02.11-19.55.04:627][243]LogWorld: Bringing World /Game/2DSideScrollerBP/Maps/UEDPIE_0_2DSideScrollerExampleMap.2DSideScrollerExampleMap up for play (max tick rate 60) at 2016.02.11-14.55.04
[2016.02.11-19.55.04:627][243]LogActor:Warning: GameSession /Game/2DSideScrollerBP/Maps/UEDPIE_0_2DSideScrollerExampleMap.2DSideScrollerExampleMap:PersistentLevel.GameSession_0 has natively added scene component(s), but none of them were set as the actor's RootComponent - picking one arbitrarily
[2016.02.11-19.55.04:628][243]LogActor:Warning: GameNetworkManager /Game/2DSideScrollerBP/Maps/UEDPIE_0_2DSideScrollerExampleMap.2DSideScrollerExampleMap:PersistentLevel.GameNetworkManager_0 has natively added scene component(s), but none of them were set as the actor's RootComponent - picking one arbitrarily
[2016.02.11-19.55.04:628][243]LogWorld: Bringing up level for play took: 0.004018
[2016.02.11-19.55.04:634][243]PIE: Info Play in editor start time for /Game/2DSideScrollerBP/Maps/UEDPIE_0_2DSideScrollerExampleMap 0.176
[2016.02.11-19.55.04:634][243]LogBlueprintUserMessages: Late PlayInEditor Detection: Level '/Game/2DSideScrollerBP/Maps/2DSideScrollerExampleMap.2DSideScrollerExampleMap:PersistentLevel' has LevelScriptBlueprint '/Game/2DSideScrollerBP/Maps/2DSideScrollerExampleMap.2DSideScrollerExampleMap:PersistentLevel.2DSideScrollerExampleMap' with GeneratedClass '/Game/2DSideScrollerBP/Maps/2DSideScrollerExampleMap.2DSideScrollerExampleMap_C' with ClassGeneratedBy '/Game/2DSideScrollerBP/Maps/2DSideScrollerExampleMap.2DSideScrollerExampleMap:PersistentLevel.2DSideScrollerExampleMap'
[2016.02.11-19.55.46:469][264]LogBlueprintUserMessages: Early EndPlayMap Detection: Level '/Game/2DSideScrollerBP/Maps/2DSideScrollerExampleMap.2DSideScrollerExampleMap:PersistentLevel' has LevelScriptBlueprint '/Game/2DSideScrollerBP/Maps/2DSideScrollerExampleMap.2DSideScrollerExampleMap:PersistentLevel.2DSideScrollerExampleMap' with GeneratedClass '/Game/2DSideScrollerBP/Maps/2DSideScrollerExampleMap.2DSideScrollerExampleMap_C' with ClassGeneratedBy '/Game/2DSideScrollerBP/Maps/2DSideScrollerExampleMap.2DSideScrollerExampleMap:PersistentLevel.2DSideScrollerExampleMap'
[2016.02.11-19.55.46:523][264]LogBlueprintUserMessages: Late EndPlayMap Detection: Level '/Game/2DSideScrollerBP/Maps/2DSideScrollerExampleMap.2DSideScrollerExampleMap:PersistentLevel' has LevelScriptBlueprint '/Game/2DSideScrollerBP/Maps/2DSideScrollerExampleMap.2DSideScrollerExampleMap:PersistentLevel.2DSideScrollerExampleMap' with GeneratedClass '/Game/2DSideScrollerBP/Maps/2DSideScrollerExampleMap.2DSideScrollerExampleMap_C' with ClassGeneratedBy '/Game/2DSideScrollerBP/Maps/2DSideScrollerExampleMap.2DSideScrollerExampleMap:PersistentLevel.2DSideScrollerExampleMap'
[2016.02.11-19.55.46:553][264]LogParticles: Destroying 0 GPU particle simulations for FXSystem 0x0000000031F8D080
[2016.02.11-19.56.08:770][548]Cmd: QUIT_EDITOR
[2016.02.11-19.56.08:913][548]LogExit: Preparing to exit.
[2016.02.11-19.56.09:960][548]LogExit: Editor shut down
[2016.02.11-19.56.09:960][548]LogExit: Transaction tracking system shut down
[2016.02.11-19.56.10:095][548]LogParticles: Destroying 0 GPU particle simulations for FXSystem 0x00000000246A1080
[2016.02.11-19.56.10:095][548]LogParticles: Destroying 0 GPU particle simulations for FXSystem 0x0000000012253880
[2016.02.11-19.56.10:095][548]LogExit: Object subsystem successfully closed.
[2016.02.11-19.56.10:108][548]LogD3D11RHI: Shutdown
[2016.02.11-19.56.10:108][548]LogD3D11RHI: CleanupD3DDevice
[2016.02.11-19.56.10:149][548]LogD3D11RHI: ~FD3D11DynamicRHI
[2016.02.11-19.56.10:168][548]LogModuleManager: Shutting down and abandoning module CrashTracker (198)
[2016.02.11-19.56.10:168][548]LogModuleManager: Shutting down and abandoning module SceneOutliner (197)
[2016.02.11-19.56.10:168][548]LogModuleManager: Shutting down and abandoning module SuperSearch (196)
[2016.02.11-19.56.10:168][548]LogModuleManager: Shutting down and abandoning module WidgetCarousel (195)
[2016.02.11-19.56.10:168][548]LogModuleManager: Shutting down and abandoning module AddContentDialog (194)
[2016.02.11-19.56.10:169][548]LogModuleManager: Shutting down and abandoning module EditorWidgets (193)
[2016.02.11-19.56.10:169][548]LogModuleManager: Shutting down and abandoning module CollectionManager (192)
[2016.02.11-19.56.10:169][548]LogModuleManager: Shutting down and abandoning module StatsViewer (191)
[2016.02.11-19.56.10:169][548]LogModuleManager: Shutting down and abandoning module FoliageEdit (190)
[2016.02.11-19.56.10:169][548]LogModuleManager: Shutting down and abandoning module LandscapeEditor (189)
[2016.02.11-19.56.10:169][548]LogModuleManager: Shutting down and abandoning module ActorPickerMode (188)
[2016.02.11-19.56.10:169][548]LogModuleManager: Shutting down and abandoning module GeometryMode (187)
[2016.02.11-19.56.10:169][548]LogModuleManager: Shutting down and abandoning module TextureAlignMode (186)
[2016.02.11-19.56.10:169][548]LogModuleManager: Shutting down and abandoning module BspMode (185)
[2016.02.11-19.56.10:169][548]LogModuleManager: Shutting down and abandoning module PlacementMode (184)
[2016.02.11-19.56.10:169][548]LogModuleManager: Shutting down and abandoning module AutomationWorker (183)
[2016.02.11-19.56.10:169][548]LogModuleManager: Shutting down and abandoning module CharacterAI (182)
[2016.02.11-19.56.10:169][548]LogModuleManager: Shutting down and abandoning module SmartSnapping (181)
[2016.02.11-19.56.10:169][548]LogModuleManager: Shutting down and abandoning module ViewportSnapping (180)
[2016.02.11-19.56.10:169][548]LogModuleManager: Shutting down and abandoning module LogVisualizer (179)
[2016.02.11-19.56.10:170][548]LogModuleManager: Shutting down and abandoning module GameProjectGeneration (178)
[2016.02.11-19.56.10:170][548]LogModuleManager: Shutting down and abandoning module IntroTutorials (177)
[2016.02.11-19.56.10:170][548]LogModuleManager: Shutting down and abandoning module EditorLiveStreaming (176)
[2016.02.11-19.56.10:170][548]LogModuleManager: Shutting down and abandoning module IOSPlatformEditor (175)
[2016.02.11-19.56.10:170][548]LogModuleManager: Shutting down and abandoning module HTML5PlatformEditor (174)
[2016.02.11-19.56.10:170][548]LogModuleManager: Shutting down and abandoning module AndroidDeviceDetection (173)
[2016.02.11-19.56.11:071][548]LogModuleManager: Shutting down and abandoning module AndroidPlatformEditor (172)
[2016.02.11-19.56.11:071][548]LogModuleManager: Shutting down and abandoning module IOSRuntimeSettings (171)
[2016.02.11-19.56.11:071][548]LogModuleManager: Shutting down and abandoning module AndroidRuntimeSettings (170)
[2016.02.11-19.56.11:071][548]LogModuleManager: Shutting down and abandoning module MergeActors (169)
[2016.02.11-19.56.11:071][548]LogModuleManager: Shutting down and abandoning module SizeMap (168)
[2016.02.11-19.56.11:071][548]LogModuleManager: Shutting down and abandoning module TreeMap (167)
[2016.02.11-19.56.11:071][548]LogModuleManager: Shutting down and abandoning module ReferenceViewer (166)
[2016.02.11-19.56.11:071][548]LogModuleManager: Shutting down and abandoning module LocalizationService (165)
[2016.02.11-19.56.11:071][548]LogModuleManager: Shutting down and abandoning module LocalizationDashboard (164)
[2016.02.11-19.56.11:071][548]LogModuleManager: Shutting down and abandoning module HardwareTargeting (163)
[2016.02.11-19.56.11:071][548]LogModuleManager: Shutting down and abandoning module DeviceProfileEditor (162)
[2016.02.11-19.56.11:071][548]LogModuleManager: Shutting down and abandoning module UndoHistory (161)
[2016.02.11-19.56.11:071][548]LogModuleManager: Shutting down and abandoning module GameplayTagsEditor (160)
[2016.02.11-19.56.11:071][548]LogModuleManager: Shutting down and abandoning module UserFeedback (159)
[2016.02.11-19.56.11:071][548]LogModuleManager: Shutting down and abandoning module XmlParser (158)
[2016.02.11-19.56.11:071][548]LogModuleManager: Shutting down and abandoning module Blutility (157)
[2016.02.11-19.56.11:071][548]LogModuleManager: Shutting down and abandoning module ProjectTargetPlatformEditor (156)
[2016.02.11-19.56.11:071][548]LogModuleManager: Shutting down and abandoning module ProjectSettingsViewer (155)
[2016.02.11-19.56.11:071][548]LogModuleManager: Shutting down and abandoning module InputBindingEditor (154)
[2016.02.11-19.56.11:071][548]LogModuleManager: Shutting down and abandoning module EditorSettingsViewer (153)
[2016.02.11-19.56.11:071][548]LogModuleManager: Shutting down and abandoning module SettingsEditor (152)
[2016.02.11-19.56.11:071][548]LogModuleManager: Shutting down and abandoning module ProjectLauncher (151)
[2016.02.11-19.56.11:071][548]LogModuleManager: Shutting down and abandoning module SessionFrontend (150)
[2016.02.11-19.56.11:071][548]LogModuleManager: Shutting down and abandoning module ProfilerClient (149)
[2016.02.11-19.56.11:071][548]LogModuleManager: Shutting down and abandoning module TargetDeviceServices (148)
[2016.02.11-19.56.11:072][548]LogModuleManager: Shutting down and abandoning module DeviceManager (147)
[2016.02.11-19.56.11:072][548]LogModuleManager: Shutting down and abandoning module AutomationController (146)
[2016.02.11-19.56.11:072][548]LogModuleManager: Shutting down and abandoning module AutomationWindow (145)
[2016.02.11-19.56.11:072][548]LogModuleManager: Shutting down and abandoning module Layers (144)
[2016.02.11-19.56.11:072][548]LogModuleManager: Shutting down and abandoning module ComponentVisualizers (143)
[2016.02.11-19.56.11:072][548]LogModuleManager: Shutting down and abandoning module DetailCustomizations (142)
[2016.02.11-19.56.11:072][548]LogModuleManager: Shutting down and abandoning module PackagesDialog (141)
[2016.02.11-19.56.11:072][548]LogModuleManager: Shutting down and abandoning module Persona (140)
[2016.02.11-19.56.11:072][548]LogModuleManager: Shutting down and abandoning module Kismet (139)
[2016.02.11-19.56.11:072][548]LogModuleManager: Shutting down and abandoning module GraphEditor (138)
[2016.02.11-19.56.11:072][548]LogModuleManager: Shutting down and abandoning module ClassViewer (137)
[2016.02.11-19.56.11:072][548]LogModuleManager: Shutting down and abandoning module Toolbox (136)
[2016.02.11-19.56.11:072][548]LogModuleManager: Shutting down and abandoning module ModuleUI (135)
[2016.02.11-19.56.11:072][548]LogModuleManager: Shutting down and abandoning module MovieSceneTools (134)
[2016.02.11-19.56.11:072][548]LogModuleManager: Shutting down and abandoning module OutputLog (133)
[2016.02.11-19.56.11:072][548]LogModuleManager: Shutting down and abandoning module GammaUI (132)
[2016.02.11-19.56.11:072][548]LogModuleManager: Shutting down and abandoning module Documentation (131)
[2016.02.11-19.56.11:072][548]LogModuleManager: Shutting down and abandoning module GameLiveStreaming (130)
[2016.02.11-19.56.11:072][548]LogModuleManager: Shutting down and abandoning module StreamingPauseRendering (129)
[2016.02.11-19.56.11:072][548]LogModuleManager: Shutting down and abandoning module AnalyticsET (128)
[2016.02.11-19.56.11:072][548]LogModuleManager: Shutting down and abandoning module Analytics (127)
[2016.02.11-19.56.11:072][548]LogModuleManager: Shutting down and abandoning module AITestSuite (126)
[2016.02.11-19.56.11:072][548]LogModuleManager: Shutting down and abandoning module GameplayDebugger (125)
[2016.02.11-19.56.11:072][548]LogModuleManager: Shutting down and abandoning module AIModule (124)
[2016.02.11-19.56.11:072][548]LogModuleManager: Shutting down and abandoning module ProfilerService (123)
[2016.02.11-19.56.11:253][548]LogModuleManager: Shutting down and abandoning module TaskGraph (122)
[2016.02.11-19.56.11:253][548]LogModuleManager: Shutting down and abandoning module SlateRemote (121)
[2016.02.11-19.56.11:253][548]LogModuleManager: Shutting down and abandoning module SteamVRController (120)
[2016.02.11-19.56.11:253][548]LogModuleManager: Shutting down and abandoning module SteamVR (119)
[2016.02.11-19.56.11:253][548]LogModuleManager: Shutting down and abandoning module ProceduralMeshComponent (118)
[2016.02.11-19.56.11:253][548]LogModuleManager: Shutting down and abandoning module OculusLibrary (117)
[2016.02.11-19.56.11:253][548]LogModuleManager: Shutting down and abandoning module OculusInput (116)
[2016.02.11-19.56.11:253][548]LogModuleManager: Shutting down and abandoning module LeapMotionController (115)
[2016.02.11-19.56.11:258][548]LogModuleManager: Shutting down and abandoning module CustomMeshComponent (114)
[2016.02.11-19.56.11:258][548]LogModuleManager: Shutting down and abandoning module CableComponent (113)
[2016.02.11-19.56.11:258][548]LogModuleManager: Shutting down and abandoning module ArchVisCharacter (112)
[2016.02.11-19.56.11:258][548]LogModuleManager: Shutting down and abandoning module MessagingDebugger (111)
[2016.02.11-19.56.11:258][548]LogModuleManager: Shutting down and abandoning module MediaPlayerEditor (110)
[2016.02.11-19.56.11:258][548]LogModuleManager: Shutting down and abandoning module HTML5Networking (109)
[2016.02.11-19.56.11:258][548]LogModuleManager: Shutting down and abandoning module SpeedTreeImporter (108)
[2016.02.11-19.56.11:258][548]LogModuleManager: Shutting down and abandoning module PluginBrowser (107)
[2016.02.11-19.56.11:258][548]LogModuleManager: Shutting down and abandoning module EpicSurvey (106)
[2016.02.11-19.56.11:258][548]LogModuleManager: Shutting down and abandoning module DesktopPlatform (105)
[2016.02.11-19.56.11:258][548]LogModuleManager: Shutting down and abandoning module VisualStudioSourceCodeAccess (104)
[2016.02.11-19.56.11:258][548]LogModuleManager: Shutting down and abandoning module UObjectPlugin (103)
[2016.02.11-19.56.11:258][548]LogModuleManager: Shutting down and abandoning module SubversionSourceControl (102)
[2016.02.11-19.56.11:258][548]LogModuleManager: Shutting down and abandoning module PerforceSourceControl (101)
[2016.02.11-19.56.11:258][548]LogModuleManager: Shutting down and abandoning module SourceControl (100)
[2016.02.11-19.56.11:258][548]LogModuleManager: Shutting down and abandoning module GitSourceControl (99)
[2016.02.11-19.56.11:258][548]LogModuleManager: Shutting down and abandoning module LightPropagationVolumeEditor (98)
[2016.02.11-19.56.11:258][548]LogModuleManager: Shutting down and abandoning module PaperTiledImporter (97)
[2016.02.11-19.56.11:258][548]LogModuleManager: Shutting down and abandoning module PaperSpriteSheetImporter (96)
[2016.02.11-19.56.11:258][548]LogModuleManager: Shutting down and abandoning module MeshPaint (95)
[2016.02.11-19.56.11:258][548]LogModuleManager: Shutting down and abandoning module SlateReflector (94)
[2016.02.11-19.56.11:258][548]LogModuleManager: Shutting down and abandoning module HotReload (93)
[2016.02.11-19.56.11:258][548]LogModuleManager: Shutting down and abandoning module MainFrame (92)
[2016.02.11-19.56.11:258][548]LogModuleManager: Shutting down and abandoning module LevelEditor (91)
[2016.02.11-19.56.11:259][548]LogModuleManager: Shutting down and abandoning module DirectoryWatcher (90)
[2016.02.11-19.56.11:259][548]LogModuleManager: Shutting down and abandoning module AssetRegistry (89)
[2016.02.11-19.56.11:324][548]LogModuleManager: Shutting down and abandoning module ContentBrowser (88)
[2016.02.11-19.56.11:324][548]LogModuleManager: Shutting down and abandoning module Paper2DEditor (87)
[2016.02.11-19.56.11:324][548]LogModuleManager: Shutting down and abandoning module UdpMessaging (86)
[2016.02.11-19.56.11:424][548]LogModuleManager: Shutting down and abandoning module LightPropagationVolumeRuntime (85)
[2016.02.11-19.56.11:424][548]LogModuleManager: Shutting down and abandoning module Paper2D (84)
[2016.02.11-19.56.11:424][548]LogModuleManager: Shutting down and abandoning module WindowsMoviePlayer (83)
[2016.02.11-19.56.11:426][548]LogModuleManager: Shutting down and abandoning module Media (82)
[2016.02.11-19.56.11:426][548]LogModuleManager: Shutting down and abandoning module WmfMedia (81)
[2016.02.11-19.56.11:427][548]LogModuleManager: Shutting down and abandoning module OnlineBlueprintSupport (80)
[2016.02.11-19.56.11:427][548]LogModuleManager: Shutting down and abandoning module GameplayTasksEditor (79)
[2016.02.11-19.56.11:427][548]LogModuleManager: Shutting down and abandoning module PropertyEditor (78)
[2016.02.11-19.56.11:427][548]LogModuleManager: Shutting down and abandoning module BehaviorTreeEditor (77)
[2016.02.11-19.56.11:427][548]LogModuleManager: Shutting down and abandoning module FunctionalTesting (76)
[2016.02.11-19.56.11:427][548]LogModuleManager: Shutting down and abandoning module CollisionAnalyzer (75)
[2016.02.11-19.56.11:427][548]LogModuleManager: Shutting down and abandoning module WorkspaceMenuStructure (74)
[2016.02.11-19.56.11:427][548]LogModuleManager: Shutting down and abandoning module MessageLog (73)
[2016.02.11-19.56.11:427][548]LogModuleManager: Shutting down and abandoning module Sequencer (72)
[2016.02.11-19.56.11:427][548]LogModuleManager: Shutting down and abandoning module AssetTools (71)
[2016.02.11-19.56.11:427][548]LogModuleManager: Shutting down and abandoning module UMGEditor (70)
[2016.02.11-19.56.11:427][548]LogModuleManager: Shutting down and abandoning module UMG (69)
[2016.02.11-19.56.11:427][548]LogModuleManager: Shutting down and abandoning module Slate (68)
[2016.02.11-19.56.11:427][548]LogModuleManager: Shutting down and abandoning module EditorStyle (67)
[2016.02.11-19.56.11:429][548]LogModuleManager: Shutting down and abandoning module SessionServices (66)
[2016.02.11-19.56.11:429][548]LogModuleManager: Shutting down and abandoning module SourceCodeAccess (65)
[2016.02.11-19.56.11:429][548]LogModuleManager: Shutting down and abandoning module HeadMountedDisplay (64)
[2016.02.11-19.56.11:429][548]LogModuleManager: Shutting down and abandoning module XAudio2 (63)
[2016.02.11-19.56.11:429][548]LogModuleManager: Shutting down and abandoning module Networking (61)
[2016.02.11-19.56.11:429][548]LogModuleManager: Shutting down and abandoning module Core (60)
[2016.02.11-19.56.11:429][548]LogModuleManager: Shutting down and abandoning module KismetCompiler (59)
[2016.02.11-19.56.11:429][548]LogModuleManager: Shutting down and abandoning module PhysXFormats (58)
[2016.02.11-19.56.11:429][548]LogModuleManager: Shutting down and abandoning module MeshUtilities (57)
[2016.02.11-19.56.11:429][548]LogModuleManager: Shutting down and abandoning module DerivedDataCache (56)
[2016.02.11-19.56.11:513][548]LogDerivedDataCache: Shutdown
[2016.02.11-19.56.11:513][548]LogModuleManager: Shutting down and abandoning module ShaderFormatOpenGL (55)
[2016.02.11-19.56.11:513][548]LogModuleManager: Shutting down and abandoning module ShaderFormatD3D (54)
[2016.02.11-19.56.11:513][548]LogModuleManager: Shutting down and abandoning module MetalShaderFormat (53)
[2016.02.11-19.56.11:513][548]LogModuleManager: Shutting down and abandoning module TextureFormatUncompressed (52)
[2016.02.11-19.56.11:513][548]LogModuleManager: Shutting down and abandoning module TextureFormatPVR (51)
[2016.02.11-19.56.11:513][548]LogModuleManager: Shutting down and abandoning module TextureFormatIntelISPCTexComp (50)
[2016.02.11-19.56.11:513][548]LogModuleManager: Shutting down and abandoning module TextureFormatDXT (49)
[2016.02.11-19.56.11:513][548]LogModuleManager: Shutting down and abandoning module ImageWrapper (48)
[2016.02.11-19.56.11:513][548]LogModuleManager: Shutting down and abandoning module TextureFormatASTC (47)
[2016.02.11-19.56.11:513][548]LogModuleManager: Shutting down and abandoning module TextureFormatAndroid (46)
[2016.02.11-19.56.11:513][548]LogModuleManager: Shutting down and abandoning module AudioFormatOpus (45)
[2016.02.11-19.56.11:513][548]LogModuleManager: Shutting down and abandoning module AudioFormatOgg (44)
[2016.02.11-19.56.11:513][548]LogModuleManager: Shutting down and abandoning module AudioFormatADPCM (43)
[2016.02.11-19.56.11:513][548]LogModuleManager: Shutting down and abandoning module LinuxTargetPlatform (42)
[2016.02.11-19.56.11:513][548]LogModuleManager: Shutting down and abandoning module LinuxServerTargetPlatform (41)
[2016.02.11-19.56.11:513][548]LogModuleManager: Shutting down and abandoning module LinuxNoEditorTargetPlatform (40)
[2016.02.11-19.56.11:513][548]LogModuleManager: Shutting down and abandoning module Messaging (39)
[2016.02.11-19.56.11:513][548]LogModuleManager: Shutting down and abandoning module IOSTargetPlatform (38)
[2016.02.11-19.56.11:513][548]LogModuleManager: Shutting down and abandoning module HTML5TargetPlatform (37)
[2016.02.11-19.56.11:513][548]LogModuleManager: Shutting down and abandoning module Android_PVRTCTargetPlatform (36)
[2016.02.11-19.56.11:513][548]LogModuleManager: Shutting down and abandoning module Android_MultiTargetPlatform (35)
[2016.02.11-19.56.11:513][548]LogModuleManager: Shutting down and abandoning module Android_ETC2TargetPlatform (34)
[2016.02.11-19.56.11:513][548]LogModuleManager: Shutting down and abandoning module Android_ETC1TargetPlatform (33)
[2016.02.11-19.56.11:513][548]LogModuleManager: Shutting down and abandoning module Android_DXTTargetPlatform (32)
[2016.02.11-19.56.11:513][548]LogModuleManager: Shutting down and abandoning module Android_ATCTargetPlatform (31)
[2016.02.11-19.56.11:513][548]LogModuleManager: Shutting down and abandoning module Android_ASTCTargetPlatform (30)
[2016.02.11-19.56.11:513][548]LogModuleManager: Shutting down and abandoning module AndroidTargetPlatform (29)
[2016.02.11-19.56.11:513][548]LogModuleManager: Shutting down and abandoning module WindowsTargetPlatform (28)
[2016.02.11-19.56.11:513][548]LogModuleManager: Shutting down and abandoning module WindowsServerTargetPlatform (27)
[2016.02.11-19.56.11:513][548]LogModuleManager: Shutting down and abandoning module WindowsNoEditorTargetPlatform (26)
[2016.02.11-19.56.11:513][548]LogModuleManager: Shutting down and abandoning module WindowsClientTargetPlatform (25)
[2016.02.11-19.56.11:513][548]LogModuleManager: Shutting down and abandoning module AllDesktopTargetPlatform (24)
[2016.02.11-19.56.11:513][548]LogModuleManager: Shutting down and abandoning module TargetPlatform (23)
[2016.02.11-19.56.11:513][548]LogModuleManager: Shutting down and abandoning module InputCore (22)
[2016.02.11-19.56.11:513][548]LogModuleManager: Shutting down and abandoning module Settings (21)
[2016.02.11-19.56.11:514][548]LogModuleManager: Shutting down and abandoning module OnlineSubsystem (19)
[2016.02.11-19.56.11:514][548]LogModuleManager: Shutting down and abandoning module HTTP (18)
[2016.02.11-19.56.12:515][548]LogModuleManager: Shutting down and abandoning module XMPP (17)
[2016.02.11-19.56.12:515][548]LogModuleManager: Shutting down and abandoning module OculusRift (16)
[2016.02.11-19.56.12:515][548]LogModuleManager: Shutting down and abandoning module ExampleDeviceProfileSelector (15)
[2016.02.11-19.56.12:515][548]LogModuleManager: Shutting down and abandoning module TextureCompressor (14)
[2016.02.11-19.56.12:515][548]LogModuleManager: Shutting down and abandoning module ShaderCore (13)
[2016.02.11-19.56.12:515][548]LogModuleManager: Shutting down and abandoning module Landscape (12)
[2016.02.11-19.56.12:515][548]LogModuleManager: Shutting down and abandoning module SlateRHIRenderer (11)
[2016.02.11-19.56.12:515][548]LogModuleManager: Shutting down and abandoning module OpenGLDrv (10)
[2016.02.11-19.56.12:515][548]LogModuleManager: Shutting down and abandoning module D3D11RHI (9)
[2016.02.11-19.56.12:515][548]LogModuleManager: Shutting down and abandoning module AnimGraphRuntime (8)
[2016.02.11-19.56.12:515][548]LogModuleManager: Shutting down and abandoning module Renderer (7)
[2016.02.11-19.56.12:515][548]LogModuleManager: Shutting down and abandoning module Engine (6)
[2016.02.11-19.56.12:515][548]LogModuleManager: Shutting down and abandoning module CoreUObject (5)
[2016.02.11-19.56.12:515][548]LogModuleManager: Shutting down and abandoning module NetworkFile (4)
[2016.02.11-19.56.12:515][548]LogModuleManager: Shutting down and abandoning module StreamingFile (3)
[2016.02.11-19.56.12:515][548]LogModuleManager: Shutting down and abandoning module SandboxFile (2)
[2016.02.11-19.56.12:515][548]LogModuleManager: Shutting down and abandoning module PakFile (1)
[2016.02.11-19.56.12:516][548]LogExit: Exiting.
[2016.02.11-19.56.12:524][548]Log file closed, 02/11/16 14:56:12
